2025-07-08 20:01:04 [scrapy.utils.log] INFO: Scrapy 2.13.2 started (bot: itemspider)
2025-07-08 20:01:04 [scrapy.utils.log] INFO: Versions:
{'lxml': '5.4.0',
 'libxml2': '2.13.8',
 'cssselect': '1.3.0',
 'parsel': '1.10.0',
 'w3lib': '2.0.0',
 'Twisted': '25.5.0',
 'Python': '3.13.3 (main, Apr  9 2025, 07:44:25) [GCC 14.2.1 20250207]',
 'pyOpenSSL': '25.1.0 (OpenSSL 3.5.0 8 Apr 2025)',
 'cryptography': '45.0.4',
 'Platform': 'Linux-6.14.6-2-MANJARO-x86_64-with-glibc2.41'}
2025-07-08 20:01:04 [scrapy.addons] INFO: Enabled addons:
[]
2025-07-08 20:01:04 [asyncio] DEBUG: Using selector: EpollSelector
2025-07-08 20:01:04 [scrapy.utils.log] DEBUG: Using reactor: twisted.internet.asyncioreactor.AsyncioSelectorReactor
2025-07-08 20:01:04 [scrapy.utils.log] DEBUG: Using asyncio event loop: asyncio.unix_events._UnixSelectorEventLoop
2025-07-08 20:01:04 [scrapy.extensions.telnet] INFO: Telnet Password: 7d3fac1122c0ba26
2025-07-08 20:01:04 [scrapy.middleware] INFO: Enabled extensions:
['scrapy.extensions.corestats.CoreStats',
 'scrapy.extensions.telnet.TelnetConsole',
 'scrapy.extensions.memusage.MemoryUsage',
 'scrapy.extensions.logstats.LogStats',
 'scrapy.extensions.throttle.AutoThrottle']
2025-07-08 20:01:04 [scrapy.crawler] INFO: Overridden settings:
{'AUTOTHROTTLE_ENABLED': True,
 'AUTOTHROTTLE_START_DELAY': 10,
 'AUTOTHROTTLE_TARGET_CONCURRENCY': 0.5,
 'BOT_NAME': 'itemspider',
 'CONCURRENT_REQUESTS': 1,
 'DOWNLOAD_DELAY': 10,
 'EDITOR': '/usr/bin/nano',
 'FEED_EXPORT_ENCODING': 'utf-8',
 'HTTPCACHE_IGNORE_HTTP_CODES': [429],
 'LOG_FILE': '/home/stefan/SteamScrapers/CS2Scraper/logs/itemspider/steamspider/2025-07-08T20_01_00.log',
 'NEWSPIDER_MODULE': 'itemspider.spiders',
 'SPIDER_MODULES': ['itemspider.spiders']}
2025-07-08 20:01:04 [scrapy.middleware] INFO: Enabled downloader middlewares:
['scrapy.downloadermiddlewares.offsite.OffsiteMiddleware',
 'scrapy.downloadermiddlewares.httpauth.HttpAuthMiddleware',
 'scrapy.downloadermiddlewares.downloadtimeout.DownloadTimeoutMiddleware',
 'scrapy.downloadermiddlewares.defaultheaders.DefaultHeadersMiddleware',
 'scrapy.downloadermiddlewares.useragent.UserAgentMiddleware',
 'itemspider.middlewares.ItemspiderDownloaderMiddleware',
 'scrapy.downloadermiddlewares.retry.RetryMiddleware',
 'scrapy.downloadermiddlewares.redirect.MetaRefreshMiddleware',
 'scrapy.downloadermiddlewares.httpcompression.HttpCompressionMiddleware',
 'scrapy.downloadermiddlewares.redirect.RedirectMiddleware',
 'scrapy.downloadermiddlewares.cookies.CookiesMiddleware',
 'scrapy.downloadermiddlewares.httpproxy.HttpProxyMiddleware',
 'scrapy.downloadermiddlewares.stats.DownloaderStats']
2025-07-08 20:01:04 [scrapy.middleware] INFO: Enabled spider middlewares:
['scrapy.spidermiddlewares.start.StartSpiderMiddleware',
 'scrapy.spidermiddlewares.httperror.HttpErrorMiddleware',
 'itemspider.middlewares.ItemspiderSpiderMiddleware',
 'scrapy.spidermiddlewares.referer.RefererMiddleware',
 'scrapy.spidermiddlewares.urllength.UrlLengthMiddleware',
 'scrapy.spidermiddlewares.depth.DepthMiddleware']
2025-07-08 20:01:04 [py.warnings] WARNING: /home/stefan/SteamScrapers/CS2Scraper/.venv/lib/python3.13/site-packages/scrapy/core/spidermw.py:98: ScrapyDeprecationWarning: The following enabled spider middlewares, directly or through their parent classes, define the deprecated process_start_requests() method: itemspider.middlewares.ItemspiderSpiderMiddleware. process_start_requests() has been deprecated in favor of a new method, process_start(), to support asynchronous code execution. process_start_requests() will stop being called in a future version of Scrapy. If you use Scrapy 2.13 or higher only, replace process_start_requests() with process_start(); note that process_start() is a coroutine (async def). If you need to maintain compatibility with lower Scrapy versions, when defining process_start_requests() in a spider middleware class, define process_start() as well. See the release notes of Scrapy 2.13 for details: https://docs.scrapy.org/en/2.13/news.html
  warn(

2025-07-08 20:01:04 [scrapy.core.spidermw] WARNING: Middleware itemspider.middlewares.ItemspiderSpiderMiddleware doesn't support asynchronous spider output, this is deprecated and will stop working in a future version of Scrapy. The middleware should be updated to support it. Please see https://docs.scrapy.org/en/latest/topics/coroutines.html#for-middleware-users for more information.
2025-07-08 20:01:04 [scrapy.middleware] INFO: Enabled item pipelines:
['itemspider.pipelines.ItemspiderPipeline']
2025-07-08 20:01:04 [scrapy.core.engine] INFO: Spider opened
2025-07-08 20:01:04 [py.warnings] WARNING: /home/stefan/SteamScrapers/CS2Scraper/.venv/lib/python3.13/site-packages/scrapy/core/spidermw.py:433: ScrapyDeprecationWarning: itemspider.spiders.steamspider.SteamspiderSpider defines the deprecated start_requests() method. start_requests() has been deprecated in favor of a new method, start(), to support asynchronous code execution. start_requests() will stop being called in a future version of Scrapy. If you use Scrapy 2.13 or higher only, replace start_requests() with start(); note that start() is a coroutine (async def). If you need to maintain compatibility with lower Scrapy versions, when overriding start_requests() in a spider class, override start() as well; you can use super() to reuse the inherited start() implementation without copy-pasting. See the release notes of Scrapy 2.13 for details: https://docs.scrapy.org/en/2.13/news.html
  warn(

2025-07-08 20:01:04 [scrapy.extensions.logstats] INFO: Crawled 0 pages (at 0 pages/min), scraped 0 items (at 0 items/min)
2025-07-08 20:01:04 [steamspider] INFO: Spider opened: steamspider
2025-07-08 20:01:04 [steamspider] INFO: Spider opened: steamspider
2025-07-08 20:01:04 [scrapy.extensions.telnet] INFO: Telnet console listening on 127.0.0.1:6023
2025-07-08 20:01:05 [scrapy.core.engine] DEBUG: Crawled (200) <GET https://steamcommunity.com/market/search/render/?query=&start=4000&count=100&search_descriptions=0&sort_column=price&sort_dir=desc&appid=730> (referer: None)
2025-07-08 20:01:19 [scrapy.core.engine] DEBUG: Crawled (200) <GET https://steamcommunity.com/market/search/render/?query=&start=5000&count=100&search_descriptions=0&sort_column=price&sort_dir=desc&appid=730> (referer: https://steamcommunity.com/market/search/render/?query=&start=4000&count=100&search_descriptions=0&sort_column=price&sort_dir=desc&appid=730)
2025-07-08 20:01:19 [scrapy.dupefilters] DEBUG: Filtered duplicate request: <GET https://steamcommunity.com/market/search/render/?query=&start=5000&count=100&search_descriptions=0&sort_column=price&sort_dir=desc&appid=730> - no more duplicates will be shown (see DUPEFILTER_DEBUG to show all duplicates)
2025-07-08 20:01:29 [scrapy.core.engine] DEBUG: Crawled (200) <GET https://steamcommunity.com/market/search/render/?query=&start=6900&count=100&search_descriptions=0&sort_column=price&sort_dir=desc&appid=730> (referer: https://steamcommunity.com/market/search/render/?query=&start=4000&count=100&search_descriptions=0&sort_column=price&sort_dir=desc&appid=730)
2025-07-08 20:01:41 [scrapy.core.engine] DEBUG: Crawled (200) <GET https://steamcommunity.com/market/listings/730/Nova%20%7C%20Modern%20Hunter%20%28Minimal%20Wear%29> (referer: https://steamcommunity.com/market/search/render/?query=&start=5000&count=100&search_descriptions=0&sort_column=price&sort_dir=desc&appid=730)
2025-07-08 20:01:41 [scrapy.core.scraper] DEBUG: Scraped from <200 https://steamcommunity.com/market/listings/730/Nova%20%7C%20Modern%20Hunter%20%28Minimal%20Wear%29>
{'buying_price': 48.53,
 'profit': -1.12,
 'selling_price': 47.281,
 'url': 'https://steamcommunity.com/market/listings/730/Nova%20%7C%20Modern%20Hunter%20%28Minimal%20Wear%29'}
2025-07-08 20:01:53 [scrapy.core.engine] DEBUG: Crawled (200) <GET https://steamcommunity.com/market/listings/730/Sticker%20%7C%20Ninjas%20in%20Pyjamas%20%28Foil%29%20%7C%20London%202018> (referer: https://steamcommunity.com/market/search/render/?query=&start=6900&count=100&search_descriptions=0&sort_column=price&sort_dir=desc&appid=730)
2025-07-08 20:01:53 [scrapy.core.scraper] DEBUG: Scraped from <200 https://steamcommunity.com/market/listings/730/Sticker%20%7C%20Ninjas%20in%20Pyjamas%20%28Foil%29%20%7C%20London%202018>
{'buying_price': 19.57,
 'profit': 1.71,
 'selling_price': 21.47,
 'url': 'https://steamcommunity.com/market/listings/730/Sticker%20%7C%20Ninjas%20in%20Pyjamas%20%28Foil%29%20%7C%20London%202018'}
2025-07-08 20:02:00 [scrapy.core.engine] DEBUG: Crawled (200) <GET https://steamcommunity.com/market/listings/730/Sticker%20%7C%20chrisJ%20%28Foil%29%20%7C%20MLG%20Columbus%202016> (referer: https://steamcommunity.com/market/search/render/?query=&start=6900&count=100&search_descriptions=0&sort_column=price&sort_dir=desc&appid=730)
2025-07-08 20:02:00 [scrapy.core.scraper] DEBUG: Scraped from <200 https://steamcommunity.com/market/listings/730/Sticker%20%7C%20chrisJ%20%28Foil%29%20%7C%20MLG%20Columbus%202016>
{'buying_price': 19.41,
 'profit': -7.46,
 'selling_price': 11.12,
 'url': 'https://steamcommunity.com/market/listings/730/Sticker%20%7C%20chrisJ%20%28Foil%29%20%7C%20MLG%20Columbus%202016'}
2025-07-08 20:02:04 [scrapy.extensions.logstats] INFO: Crawled 6 pages (at 6 pages/min), scraped 3 items (at 3 items/min)
2025-07-08 20:02:09 [scrapy.crawler] INFO: Received SIGINT, shutting down gracefully. Send again to force 
2025-07-08 20:02:09 [scrapy.core.engine] INFO: Closing spider (shutdown)
2025-07-08 20:02:11 [scrapy.core.engine] DEBUG: Crawled (200) <GET https://steamcommunity.com/market/listings/730/Sticker%20%7C%20Vega%20Squadron%20%28Foil%29%20%7C%20London%202018> (referer: https://steamcommunity.com/market/search/render/?query=&start=6900&count=100&search_descriptions=0&sort_column=price&sort_dir=desc&appid=730)
2025-07-08 20:02:11 [scrapy.statscollectors] INFO: Dumping Scrapy stats:
{'downloader/request_bytes': 3738,
 'downloader/request_count': 7,
 'downloader/request_method_count/GET': 7,
 'downloader/response_bytes': 96500,
 'downloader/response_count': 7,
 'downloader/response_status_count/200': 7,
 'dupefilter/filtered': 40,
 'elapsed_time_seconds': 66.805657,
 'finish_reason': 'shutdown',
 'finish_time': datetime.datetime(2025, 7, 8, 18, 2, 11, 645915, tzinfo=datetime.timezone.utc),
 'httpcompression/response_bytes': 492099,
 'httpcompression/response_count': 7,
 'item_scraped_count': 3,
 'items_per_minute': 2.727272727272727,
 'log_count/DEBUG': 14,
 'log_count/INFO': 14,
 'log_count/WARNING': 3,
 'memusage/max': 99921920,
 'memusage/startup': 86552576,
 'request_depth_max': 2,
 'response_received_count': 7,
 'responses_per_minute': 6.363636363636363,
 'scheduler/dequeued': 7,
 'scheduler/dequeued/memory': 7,
 'scheduler/enqueued': 41,
 'scheduler/enqueued/memory': 41,
 'start_time': datetime.datetime(2025, 7, 8, 18, 1, 4, 840258, tzinfo=datetime.timezone.utc)}
2025-07-08 20:02:11 [scrapy.core.engine] INFO: Spider closed (shutdown)
