2025-07-21 06:49:49 [scrapy.utils.log] INFO: Scrapy 2.13.2 started (bot: itemspider)
2025-07-21 06:49:49 [scrapy.utils.log] INFO: Versions:
{'lxml': '5.4.0',
 'libxml2': '2.13.8',
 'cssselect': '1.3.0',
 'parsel': '1.10.0',
 'w3lib': '2.0.0',
 'Twisted': '25.5.0',
 'Python': '3.12.11 (main, Jul  1 2025, 02:44:10) [GCC 12.2.0]',
 'pyOpenSSL': '25.1.0 (OpenSSL 3.5.0 8 Apr 2025)',
 'cryptography': '45.0.4',
 'Platform': 'Linux-6.15.3-1-MANJARO-x86_64-with-glibc2.36'}
2025-07-21 06:49:49 [scrapy.addons] INFO: Enabled addons:
[]
2025-07-21 06:49:49 [asyncio] DEBUG: Using selector: EpollSelector
2025-07-21 06:49:49 [scrapy.utils.log] DEBUG: Using reactor: twisted.internet.asyncioreactor.AsyncioSelectorReactor
2025-07-21 06:49:49 [scrapy.utils.log] DEBUG: Using asyncio event loop: asyncio.unix_events._UnixSelectorEventLoop
2025-07-21 06:49:49 [scrapy.extensions.telnet] INFO: Telnet Password: d3d4032bd907aa14
2025-07-21 06:49:49 [scrapy.middleware] INFO: Enabled extensions:
['scrapy.extensions.corestats.CoreStats',
 'scrapy.extensions.telnet.TelnetConsole',
 'scrapy.extensions.memusage.MemoryUsage',
 'scrapy.extensions.logstats.LogStats',
 'scrapy.extensions.throttle.AutoThrottle']
2025-07-21 06:49:49 [scrapy.crawler] INFO: Overridden settings:
{'AUTOTHROTTLE_ENABLED': True,
 'AUTOTHROTTLE_START_DELAY': 10,
 'AUTOTHROTTLE_TARGET_CONCURRENCY': 0.5,
 'BOT_NAME': 'itemspider',
 'CONCURRENT_REQUESTS': 1,
 'DOWNLOAD_DELAY': 10,
 'FEED_EXPORT_ENCODING': 'utf-8',
 'HTTPCACHE_IGNORE_HTTP_CODES': [429],
 'LOG_FILE': '/app/logs/itemspider/steamspider/2025-07-21T06_49_43.log',
 'NEWSPIDER_MODULE': 'itemspider.spiders',
 'SPIDER_MODULES': ['itemspider.spiders']}
2025-07-21 06:49:49 [scrapy.middleware] INFO: Enabled downloader middlewares:
['scrapy.downloadermiddlewares.offsite.OffsiteMiddleware',
 'scrapy.downloadermiddlewares.httpauth.HttpAuthMiddleware',
 'scrapy.downloadermiddlewares.downloadtimeout.DownloadTimeoutMiddleware',
 'scrapy.downloadermiddlewares.defaultheaders.DefaultHeadersMiddleware',
 'scrapy.downloadermiddlewares.useragent.UserAgentMiddleware',
 'itemspider.middlewares.ItemspiderDownloaderMiddleware',
 'scrapy.downloadermiddlewares.retry.RetryMiddleware',
 'scrapy.downloadermiddlewares.redirect.MetaRefreshMiddleware',
 'scrapy.downloadermiddlewares.httpcompression.HttpCompressionMiddleware',
 'scrapy.downloadermiddlewares.redirect.RedirectMiddleware',
 'scrapy.downloadermiddlewares.cookies.CookiesMiddleware',
 'scrapy.downloadermiddlewares.httpproxy.HttpProxyMiddleware',
 'scrapy.downloadermiddlewares.stats.DownloaderStats']
2025-07-21 06:49:49 [scrapy.middleware] INFO: Enabled spider middlewares:
['scrapy.spidermiddlewares.start.StartSpiderMiddleware',
 'scrapy.spidermiddlewares.httperror.HttpErrorMiddleware',
 'itemspider.middlewares.ItemspiderSpiderMiddleware',
 'scrapy.spidermiddlewares.referer.RefererMiddleware',
 'scrapy.spidermiddlewares.urllength.UrlLengthMiddleware',
 'scrapy.spidermiddlewares.depth.DepthMiddleware']
2025-07-21 06:49:49 [py.warnings] WARNING: /usr/local/lib/python3.12/site-packages/scrapy/core/spidermw.py:98: ScrapyDeprecationWarning: The following enabled spider middlewares, directly or through their parent classes, define the deprecated process_start_requests() method: itemspider.middlewares.ItemspiderSpiderMiddleware. process_start_requests() has been deprecated in favor of a new method, process_start(), to support asynchronous code execution. process_start_requests() will stop being called in a future version of Scrapy. If you use Scrapy 2.13 or higher only, replace process_start_requests() with process_start(); note that process_start() is a coroutine (async def). If you need to maintain compatibility with lower Scrapy versions, when defining process_start_requests() in a spider middleware class, define process_start() as well. See the release notes of Scrapy 2.13 for details: https://docs.scrapy.org/en/2.13/news.html
  warn(

2025-07-21 06:49:49 [scrapy.core.spidermw] WARNING: Middleware itemspider.middlewares.ItemspiderSpiderMiddleware doesn't support asynchronous spider output, this is deprecated and will stop working in a future version of Scrapy. The middleware should be updated to support it. Please see https://docs.scrapy.org/en/latest/topics/coroutines.html#for-middleware-users for more information.
2025-07-21 06:49:49 [scrapy.middleware] INFO: Enabled item pipelines:
['itemspider.pipelines.ItemspiderPipeline',
 'itemspider.pipelines.SaveToPostgreSQLPipeLine']
2025-07-21 06:49:49 [scrapy.core.engine] INFO: Spider opened
2025-07-21 06:49:49 [py.warnings] WARNING: /usr/local/lib/python3.12/site-packages/scrapy/core/spidermw.py:433: ScrapyDeprecationWarning: itemspider.spiders.steamspider.SteamspiderSpider defines the deprecated start_requests() method. start_requests() has been deprecated in favor of a new method, start(), to support asynchronous code execution. start_requests() will stop being called in a future version of Scrapy. If you use Scrapy 2.13 or higher only, replace start_requests() with start(); note that start() is a coroutine (async def). If you need to maintain compatibility with lower Scrapy versions, when overriding start_requests() in a spider class, override start() as well; you can use super() to reuse the inherited start() implementation without copy-pasting. See the release notes of Scrapy 2.13 for details: https://docs.scrapy.org/en/2.13/news.html
  warn(

2025-07-21 06:49:49 [scrapy.extensions.logstats] INFO: Crawled 0 pages (at 0 pages/min), scraped 0 items (at 0 items/min)
2025-07-21 06:49:49 [steamspider] INFO: Spider opened: steamspider
2025-07-21 06:49:49 [steamspider] INFO: Spider opened: steamspider
2025-07-21 06:49:49 [scrapy.extensions.telnet] INFO: Telnet console listening on 127.0.0.1:6023
2025-07-21 06:49:49 [urllib3.connectionpool] DEBUG: Starting new HTTPS connection (1): publicsuffix.org:443
2025-07-21 06:49:49 [urllib3.connectionpool] DEBUG: https://publicsuffix.org:443 "GET /list/public_suffix_list.dat HTTP/1.1" 200 87720
2025-07-21 06:49:50 [scrapy.core.engine] DEBUG: Crawled (200) <GET https://steamcommunity.com/market/search/render/?query=&start=4000&count=100&search_descriptions=0&sort_column=price&sort_dir=desc&appid=730> (referer: None)
2025-07-21 06:50:05 [scrapy.core.engine] DEBUG: Crawled (200) <GET https://steamcommunity.com/market/search/render/?query=&start=5000&count=100&search_descriptions=0&sort_column=price&sort_dir=desc&appid=730> (referer: https://steamcommunity.com/market/search/render/?query=&start=4000&count=100&search_descriptions=0&sort_column=price&sort_dir=desc&appid=730)
2025-07-21 06:50:06 [scrapy.dupefilters] DEBUG: Filtered duplicate request: <GET https://steamcommunity.com/market/search/render/?query=&start=5000&count=100&search_descriptions=0&sort_column=price&sort_dir=desc&appid=730> - no more duplicates will be shown (see DUPEFILTER_DEBUG to show all duplicates)
2025-07-21 06:50:20 [scrapy.core.engine] DEBUG: Crawled (200) <GET https://steamcommunity.com/market/search/render/?query=&start=6900&count=100&search_descriptions=0&sort_column=price&sort_dir=desc&appid=730> (referer: https://steamcommunity.com/market/search/render/?query=&start=4000&count=100&search_descriptions=0&sort_column=price&sort_dir=desc&appid=730)
2025-07-21 06:50:30 [scrapy.core.engine] DEBUG: Crawled (200) <GET https://steamcommunity.com/market/listings/730/Krakow%202017%20Cache%20Souvenir%20Package> (referer: https://steamcommunity.com/market/search/render/?query=&start=5000&count=100&search_descriptions=0&sort_column=price&sort_dir=desc&appid=730)
2025-07-21 06:50:30 [scrapy.core.scraper] DEBUG: Scraped from <200 https://steamcommunity.com/market/listings/730/Krakow%202017%20Cache%20Souvenir%20Package>
{'buying_price': 49.57,
 'profit': -0.82,
 'selling_price': 48.66,
 'url': 'https://steamcommunity.com/market/listings/730/Krakow%202017%20Cache%20Souvenir%20Package'}
2025-07-21 06:50:44 [scrapy.core.engine] DEBUG: Crawled (200) <GET https://steamcommunity.com/market/listings/730/StatTrak%E2%84%A2%20USP-S%20%7C%20Cyrex%20%28Factory%20New%29> (referer: https://steamcommunity.com/market/search/render/?query=&start=6900&count=100&search_descriptions=0&sort_column=price&sort_dir=desc&appid=730)
2025-07-21 06:50:44 [scrapy.core.scraper] DEBUG: Scraped from <200 https://steamcommunity.com/market/listings/730/StatTrak%E2%84%A2%20USP-S%20%7C%20Cyrex%20%28Factory%20New%29>
{'buying_price': 19.7,
 'profit': -3.33,
 'selling_price': 15.996,
 'url': 'https://steamcommunity.com/market/listings/730/StatTrak%E2%84%A2%20USP-S%20%7C%20Cyrex%20%28Factory%20New%29'}
2025-07-21 06:50:49 [scrapy.extensions.logstats] INFO: Crawled 5 pages (at 5 pages/min), scraped 2 items (at 2 items/min)
2025-07-21 06:50:58 [scrapy.core.engine] DEBUG: Crawled (200) <GET https://steamcommunity.com/market/listings/730/StatTrak%E2%84%A2%20FAMAS%20%7C%20Sergeant%20%28Minimal%20Wear%29> (referer: https://steamcommunity.com/market/search/render/?query=&start=6900&count=100&search_descriptions=0&sort_column=price&sort_dir=desc&appid=730)
2025-07-21 06:50:58 [scrapy.core.scraper] DEBUG: Scraped from <200 https://steamcommunity.com/market/listings/730/StatTrak%E2%84%A2%20FAMAS%20%7C%20Sergeant%20%28Minimal%20Wear%29>
{'buying_price': 19.7,
 'profit': 0.14,
 'selling_price': 19.85,
 'url': 'https://steamcommunity.com/market/listings/730/StatTrak%E2%84%A2%20FAMAS%20%7C%20Sergeant%20%28Minimal%20Wear%29'}
2025-07-21 06:51:12 [scrapy.core.engine] DEBUG: Crawled (200) <GET https://steamcommunity.com/market/listings/730/Sticker%20%7C%20FACEIT%20%28Foil%29%20%7C%20London%202018> (referer: https://steamcommunity.com/market/search/render/?query=&start=6900&count=100&search_descriptions=0&sort_column=price&sort_dir=desc&appid=730)
2025-07-21 06:51:12 [scrapy.core.scraper] DEBUG: Scraped from <200 https://steamcommunity.com/market/listings/730/Sticker%20%7C%20FACEIT%20%28Foil%29%20%7C%20London%202018>
{'buying_price': 19.7,
 'profit': -0.47,
 'selling_price': 19.175,
 'url': 'https://steamcommunity.com/market/listings/730/Sticker%20%7C%20FACEIT%20%28Foil%29%20%7C%20London%202018'}
2025-07-21 06:51:21 [scrapy.core.engine] DEBUG: Crawled (200) <GET https://steamcommunity.com/market/listings/730/Sticker%20%7C%20mixwell%20%7C%20Cologne%202016> (referer: https://steamcommunity.com/market/search/render/?query=&start=6900&count=100&search_descriptions=0&sort_column=price&sort_dir=desc&appid=730)
2025-07-21 06:51:21 [scrapy.core.scraper] DEBUG: Scraped from <200 https://steamcommunity.com/market/listings/730/Sticker%20%7C%20mixwell%20%7C%20Cologne%202016>
{'buying_price': 19.7,
 'profit': -1.17,
 'selling_price': 18.4,
 'url': 'https://steamcommunity.com/market/listings/730/Sticker%20%7C%20mixwell%20%7C%20Cologne%202016'}
2025-07-21 06:51:32 [scrapy.core.engine] DEBUG: Crawled (200) <GET https://steamcommunity.com/market/listings/730/Autograph%20Capsule%20%7C%20FaZe%20Clan%20%7C%20Cologne%202016> (referer: https://steamcommunity.com/market/search/render/?query=&start=6900&count=100&search_descriptions=0&sort_column=price&sort_dir=desc&appid=730)
2025-07-21 06:51:45 [scrapy.core.engine] DEBUG: Crawled (200) <GET https://steamcommunity.com/market/listings/730/Glock-18%20%7C%20Ramese%27s%20Reach%20%28Factory%20New%29> (referer: https://steamcommunity.com/market/search/render/?query=&start=6900&count=100&search_descriptions=0&sort_column=price&sort_dir=desc&appid=730)
2025-07-21 06:51:45 [scrapy.core.scraper] DEBUG: Scraped from <200 https://steamcommunity.com/market/listings/730/Glock-18%20%7C%20Ramese%27s%20Reach%20%28Factory%20New%29>
{'buying_price': 19.7,
 'profit': 0.04,
 'selling_price': 19.741,
 'url': 'https://steamcommunity.com/market/listings/730/Glock-18%20%7C%20Ramese%27s%20Reach%20%28Factory%20New%29'}
2025-07-21 06:51:49 [scrapy.extensions.logstats] INFO: Crawled 10 pages (at 5 pages/min), scraped 6 items (at 4 items/min)
2025-07-21 06:51:58 [scrapy.core.engine] DEBUG: Crawled (200) <GET https://steamcommunity.com/market/listings/730/M4A4%20%7C%20Hellish%20%28Battle-Scarred%29> (referer: https://steamcommunity.com/market/search/render/?query=&start=6900&count=100&search_descriptions=0&sort_column=price&sort_dir=desc&appid=730)
2025-07-21 06:51:58 [scrapy.core.scraper] DEBUG: Scraped from <200 https://steamcommunity.com/market/listings/730/M4A4%20%7C%20Hellish%20%28Battle-Scarred%29>
{'buying_price': 19.71,
 'profit': -0.85,
 'selling_price': 18.769,
 'url': 'https://steamcommunity.com/market/listings/730/M4A4%20%7C%20Hellish%20%28Battle-Scarred%29'}
2025-07-21 06:52:10 [scrapy.core.engine] DEBUG: Crawled (200) <GET https://steamcommunity.com/market/listings/730/Autograph%20Capsule%20%7C%20Virtus.Pro%20%7C%20Cologne%202016> (referer: https://steamcommunity.com/market/search/render/?query=&start=6900&count=100&search_descriptions=0&sort_column=price&sort_dir=desc&appid=730)
2025-07-21 06:52:10 [scrapy.core.scraper] DEBUG: Scraped from <200 https://steamcommunity.com/market/listings/730/Autograph%20Capsule%20%7C%20Virtus.Pro%20%7C%20Cologne%202016>
{'buying_price': 19.71,
 'profit': -8.66,
 'selling_price': 10.088,
 'url': 'https://steamcommunity.com/market/listings/730/Autograph%20Capsule%20%7C%20Virtus.Pro%20%7C%20Cologne%202016'}
2025-07-21 06:52:22 [scrapy.core.engine] DEBUG: Crawled (200) <GET https://steamcommunity.com/market/listings/730/P90%20%7C%20Tiger%20Pit%20%28Well-Worn%29> (referer: https://steamcommunity.com/market/search/render/?query=&start=6900&count=100&search_descriptions=0&sort_column=price&sort_dir=desc&appid=730)
2025-07-21 06:52:23 [scrapy.core.scraper] DEBUG: Scraped from <200 https://steamcommunity.com/market/listings/730/P90%20%7C%20Tiger%20Pit%20%28Well-Worn%29>
{'buying_price': 24.69,
 'profit': -8.58,
 'selling_price': 15.159,
 'url': 'https://steamcommunity.com/market/listings/730/P90%20%7C%20Tiger%20Pit%20%28Well-Worn%29'}
2025-07-21 06:52:36 [scrapy.core.engine] DEBUG: Crawled (200) <GET https://steamcommunity.com/market/listings/730/Sticker%20%7C%20fer%20%28Foil%29%20%7C%20Krakow%202017> (referer: https://steamcommunity.com/market/search/render/?query=&start=6900&count=100&search_descriptions=0&sort_column=price&sort_dir=desc&appid=730)
2025-07-21 06:52:36 [scrapy.core.scraper] DEBUG: Scraped from <200 https://steamcommunity.com/market/listings/730/Sticker%20%7C%20fer%20%28Foil%29%20%7C%20Krakow%202017>
{'buying_price': 19.74,
 'profit': 0.08,
 'selling_price': 19.83,
 'url': 'https://steamcommunity.com/market/listings/730/Sticker%20%7C%20fer%20%28Foil%29%20%7C%20Krakow%202017'}
2025-07-21 06:52:49 [scrapy.extensions.logstats] INFO: Crawled 14 pages (at 4 pages/min), scraped 10 items (at 4 items/min)
2025-07-21 06:52:50 [scrapy.core.engine] DEBUG: Crawled (200) <GET https://steamcommunity.com/market/listings/730/USP-S%20%7C%20Road%20Rash%20%28Field-Tested%29> (referer: https://steamcommunity.com/market/search/render/?query=&start=5000&count=100&search_descriptions=0&sort_column=price&sort_dir=desc&appid=730)
2025-07-21 06:52:50 [scrapy.core.scraper] DEBUG: Scraped from <200 https://steamcommunity.com/market/listings/730/USP-S%20%7C%20Road%20Rash%20%28Field-Tested%29>
{'buying_price': 49.8,
 'profit': -5.53,
 'selling_price': 43.657,
 'url': 'https://steamcommunity.com/market/listings/730/USP-S%20%7C%20Road%20Rash%20%28Field-Tested%29'}
2025-07-21 06:53:04 [scrapy.core.engine] DEBUG: Crawled (200) <GET https://steamcommunity.com/market/listings/730/AWP%20%7C%20Chrome%20Cannon%20%28Minimal%20Wear%29> (referer: https://steamcommunity.com/market/search/render/?query=&start=5000&count=100&search_descriptions=0&sort_column=price&sort_dir=desc&appid=730)
2025-07-21 06:53:04 [scrapy.core.scraper] DEBUG: Scraped from <200 https://steamcommunity.com/market/listings/730/AWP%20%7C%20Chrome%20Cannon%20%28Minimal%20Wear%29>
{'buying_price': 49.88,
 'profit': -0.31,
 'selling_price': 49.54,
 'url': 'https://steamcommunity.com/market/listings/730/AWP%20%7C%20Chrome%20Cannon%20%28Minimal%20Wear%29'}
2025-07-21 06:53:17 [scrapy.core.engine] DEBUG: Crawled (200) <GET https://steamcommunity.com/market/listings/730/USP-S%20%7C%20Pathfinder%20%28Minimal%20Wear%29> (referer: https://steamcommunity.com/market/search/render/?query=&start=5000&count=100&search_descriptions=0&sort_column=price&sort_dir=desc&appid=730)
2025-07-21 06:53:17 [scrapy.core.scraper] DEBUG: Scraped from <200 https://steamcommunity.com/market/listings/730/USP-S%20%7C%20Pathfinder%20%28Minimal%20Wear%29>
{'buying_price': 49.94,
 'profit': -2.6,
 'selling_price': 47.05,
 'url': 'https://steamcommunity.com/market/listings/730/USP-S%20%7C%20Pathfinder%20%28Minimal%20Wear%29'}
2025-07-21 06:53:31 [scrapy.core.engine] DEBUG: Crawled (200) <GET https://steamcommunity.com/market/listings/730/StatTrak%E2%84%A2%20M4A4%20%7C%20The%20Emperor%20%28Battle-Scarred%29> (referer: https://steamcommunity.com/market/search/render/?query=&start=5000&count=100&search_descriptions=0&sort_column=price&sort_dir=desc&appid=730)
2025-07-21 06:53:31 [scrapy.core.scraper] DEBUG: Scraped from <200 https://steamcommunity.com/market/listings/730/StatTrak%E2%84%A2%20M4A4%20%7C%20The%20Emperor%20%28Battle-Scarred%29>
{'buying_price': 49.98,
 'profit': -4.62,
 'selling_price': 44.85,
 'url': 'https://steamcommunity.com/market/listings/730/StatTrak%E2%84%A2%20M4A4%20%7C%20The%20Emperor%20%28Battle-Scarred%29'}
2025-07-21 06:53:44 [scrapy.core.engine] DEBUG: Crawled (200) <GET https://steamcommunity.com/market/listings/730/Sticker%20%7C%20dennis%20%28Foil%29%20%7C%20Atlanta%202017> (referer: https://steamcommunity.com/market/search/render/?query=&start=5000&count=100&search_descriptions=0&sort_column=price&sort_dir=desc&appid=730)
2025-07-21 06:53:44 [scrapy.core.scraper] DEBUG: Scraped from <200 https://steamcommunity.com/market/listings/730/Sticker%20%7C%20dennis%20%28Foil%29%20%7C%20Atlanta%202017>
{'buying_price': 49.99,
 'profit': -18.33,
 'selling_price': 29.62,
 'url': 'https://steamcommunity.com/market/listings/730/Sticker%20%7C%20dennis%20%28Foil%29%20%7C%20Atlanta%202017'}
2025-07-21 06:53:49 [scrapy.extensions.logstats] INFO: Crawled 19 pages (at 5 pages/min), scraped 15 items (at 5 items/min)
2025-07-21 06:53:56 [scrapy.core.engine] DEBUG: Crawled (200) <GET https://steamcommunity.com/market/listings/730/AWP%20%7C%20Sun%20in%20Leo%20%28Factory%20New%29> (referer: https://steamcommunity.com/market/search/render/?query=&start=5000&count=100&search_descriptions=0&sort_column=price&sort_dir=desc&appid=730)
2025-07-21 06:54:08 [scrapy.core.engine] DEBUG: Crawled (200) <GET https://steamcommunity.com/market/listings/730/P250%20%7C%20Crimson%20Kimono%20%28Factory%20New%29> (referer: https://steamcommunity.com/market/search/render/?query=&start=5000&count=100&search_descriptions=0&sort_column=price&sort_dir=desc&appid=730)
2025-07-21 06:54:08 [scrapy.core.scraper] DEBUG: Scraped from <200 https://steamcommunity.com/market/listings/730/P250%20%7C%20Crimson%20Kimono%20%28Factory%20New%29>
{'buying_price': 49.99,
 'profit': 0.19,
 'selling_price': 50.2,
 'url': 'https://steamcommunity.com/market/listings/730/P250%20%7C%20Crimson%20Kimono%20%28Factory%20New%29'}
2025-07-21 06:54:20 [scrapy.core.engine] DEBUG: Crawled (200) <GET https://steamcommunity.com/market/listings/730/M4A4%20%7C%20Hellfire%20%28Battle-Scarred%29> (referer: https://steamcommunity.com/market/search/render/?query=&start=5000&count=100&search_descriptions=0&sort_column=price&sort_dir=desc&appid=730)
2025-07-21 06:54:35 [scrapy.core.engine] DEBUG: Crawled (200) <GET https://steamcommunity.com/market/listings/730/Sticker%20%7C%20shox%20%28Foil%29%20%7C%20MLG%20Columbus%202016> (referer: https://steamcommunity.com/market/search/render/?query=&start=5000&count=100&search_descriptions=0&sort_column=price&sort_dir=desc&appid=730)
2025-07-21 06:54:35 [scrapy.core.scraper] DEBUG: Scraped from <200 https://steamcommunity.com/market/listings/730/Sticker%20%7C%20shox%20%28Foil%29%20%7C%20MLG%20Columbus%202016>
{'buying_price': 50.0,
 'profit': 7.01,
 'selling_price': 57.793,
 'url': 'https://steamcommunity.com/market/listings/730/Sticker%20%7C%20shox%20%28Foil%29%20%7C%20MLG%20Columbus%202016'}
2025-07-21 06:54:47 [scrapy.core.engine] DEBUG: Crawled (200) <GET https://steamcommunity.com/market/search/render/?query=&start=6800&count=100&search_descriptions=0&sort_column=price&sort_dir=desc&appid=730> (referer: https://steamcommunity.com/market/search/render/?query=&start=4000&count=100&search_descriptions=0&sort_column=price&sort_dir=desc&appid=730)
2025-07-21 06:54:49 [scrapy.extensions.logstats] INFO: Crawled 24 pages (at 5 pages/min), scraped 17 items (at 2 items/min)
2025-07-21 06:55:01 [scrapy.core.engine] DEBUG: Crawled (200) <GET https://steamcommunity.com/market/search/render/?query=&start=6700&count=100&search_descriptions=0&sort_column=price&sort_dir=desc&appid=730> (referer: https://steamcommunity.com/market/search/render/?query=&start=4000&count=100&search_descriptions=0&sort_column=price&sort_dir=desc&appid=730)
2025-07-21 06:55:08 [scrapy.core.engine] DEBUG: Crawled (200) <GET https://steamcommunity.com/market/listings/730/Katowice%202019%20Train%20Souvenir%20Package> (referer: https://steamcommunity.com/market/search/render/?query=&start=6800&count=100&search_descriptions=0&sort_column=price&sort_dir=desc&appid=730)
2025-07-21 06:55:08 [scrapy.core.scraper] DEBUG: Scraped from <200 https://steamcommunity.com/market/listings/730/Katowice%202019%20Train%20Souvenir%20Package>
{'buying_price': 20.37,
 'profit': 0.02,
 'selling_price': 20.387,
 'url': 'https://steamcommunity.com/market/listings/730/Katowice%202019%20Train%20Souvenir%20Package'}
2025-07-21 06:55:17 [scrapy.crawler] INFO: Received SIGINT, shutting down gracefully. Send again to force 
2025-07-21 06:55:17 [scrapy.core.engine] INFO: Closing spider (shutdown)
2025-07-21 06:55:22 [scrapy.core.engine] DEBUG: Crawled (200) <GET https://steamcommunity.com/market/listings/730/Sticker%20%7C%20Astralis%20%28Foil%29%20%7C%20Katowice%202019> (referer: https://steamcommunity.com/market/search/render/?query=&start=6700&count=100&search_descriptions=0&sort_column=price&sort_dir=desc&appid=730)
2025-07-21 06:55:22 [scrapy.core.scraper] DEBUG: Scraped from <200 https://steamcommunity.com/market/listings/730/Sticker%20%7C%20Astralis%20%28Foil%29%20%7C%20Katowice%202019>
{'buying_price': 21.45,
 'profit': 1.56,
 'selling_price': 23.18,
 'url': 'https://steamcommunity.com/market/listings/730/Sticker%20%7C%20Astralis%20%28Foil%29%20%7C%20Katowice%202019'}
2025-07-21 06:55:22 [scrapy.statscollectors] INFO: Dumping Scrapy stats:
{'downloader/request_bytes': 14915,
 'downloader/request_count': 27,
 'downloader/request_method_count/GET': 27,
 'downloader/response_bytes': 670539,
 'downloader/response_count': 27,
 'downloader/response_status_count/200': 27,
 'dupefilter/filtered': 80,
 'elapsed_time_seconds': 333.108475,
 'finish_reason': 'shutdown',
 'finish_time': datetime.datetime(2025, 7, 21, 6, 55, 22, 404216, tzinfo=datetime.timezone.utc),
 'httpcompression/response_bytes': 3634327,
 'httpcompression/response_count': 27,
 'item_scraped_count': 19,
 'items_per_minute': 3.4234234234234235,
 'log_count/DEBUG': 52,
 'log_count/INFO': 18,
 'log_count/WARNING': 3,
 'memusage/max': 111824896,
 'memusage/startup': 86790144,
 'request_depth_max': 2,
 'response_received_count': 27,
 'responses_per_minute': 4.864864864864865,
 'scheduler/dequeued': 27,
 'scheduler/dequeued/memory': 27,
 'scheduler/enqueued': 61,
 'scheduler/enqueued/memory': 61,
 'start_time': datetime.datetime(2025, 7, 21, 6, 49, 49, 295741, tzinfo=datetime.timezone.utc)}
2025-07-21 06:55:22 [scrapy.core.engine] INFO: Spider closed (shutdown)
