2025-07-21 06:50:04 [scrapy.utils.log] INFO: Scrapy 2.13.2 started (bot: itemspider)
2025-07-21 06:50:04 [scrapy.utils.log] INFO: Versions:
{'lxml': '5.4.0',
 'libxml2': '2.13.8',
 'cssselect': '1.3.0',
 'parsel': '1.10.0',
 'w3lib': '2.0.0',
 'Twisted': '25.5.0',
 'Python': '3.12.11 (main, Jul  1 2025, 02:44:10) [GCC 12.2.0]',
 'pyOpenSSL': '25.1.0 (OpenSSL 3.5.0 8 Apr 2025)',
 'cryptography': '45.0.4',
 'Platform': 'Linux-6.15.3-1-MANJARO-x86_64-with-glibc2.36'}
2025-07-21 06:50:04 [scrapy.addons] INFO: Enabled addons:
[]
2025-07-21 06:50:04 [asyncio] DEBUG: Using selector: EpollSelector
2025-07-21 06:50:04 [scrapy.utils.log] DEBUG: Using reactor: twisted.internet.asyncioreactor.AsyncioSelectorReactor
2025-07-21 06:50:04 [scrapy.utils.log] DEBUG: Using asyncio event loop: asyncio.unix_events._UnixSelectorEventLoop
2025-07-21 06:50:04 [scrapy.extensions.telnet] INFO: Telnet Password: e762e5492eba7b6a
2025-07-21 06:50:04 [scrapy.middleware] INFO: Enabled extensions:
['scrapy.extensions.corestats.CoreStats',
 'scrapy.extensions.telnet.TelnetConsole',
 'scrapy.extensions.memusage.MemoryUsage',
 'scrapy.extensions.logstats.LogStats',
 'scrapy.extensions.throttle.AutoThrottle']
2025-07-21 06:50:04 [scrapy.crawler] INFO: Overridden settings:
{'AUTOTHROTTLE_ENABLED': True,
 'AUTOTHROTTLE_START_DELAY': 10,
 'AUTOTHROTTLE_TARGET_CONCURRENCY': 0.5,
 'BOT_NAME': 'itemspider',
 'CONCURRENT_REQUESTS': 1,
 'DOWNLOAD_DELAY': 10,
 'FEED_EXPORT_ENCODING': 'utf-8',
 'HTTPCACHE_IGNORE_HTTP_CODES': [429],
 'LOG_FILE': '/app/logs/itemspider/steamspider/2025-07-21T06_49_58.log',
 'NEWSPIDER_MODULE': 'itemspider.spiders',
 'SPIDER_MODULES': ['itemspider.spiders']}
2025-07-21 06:50:04 [scrapy.middleware] INFO: Enabled downloader middlewares:
['scrapy.downloadermiddlewares.offsite.OffsiteMiddleware',
 'scrapy.downloadermiddlewares.httpauth.HttpAuthMiddleware',
 'scrapy.downloadermiddlewares.downloadtimeout.DownloadTimeoutMiddleware',
 'scrapy.downloadermiddlewares.defaultheaders.DefaultHeadersMiddleware',
 'scrapy.downloadermiddlewares.useragent.UserAgentMiddleware',
 'itemspider.middlewares.ItemspiderDownloaderMiddleware',
 'scrapy.downloadermiddlewares.retry.RetryMiddleware',
 'scrapy.downloadermiddlewares.redirect.MetaRefreshMiddleware',
 'scrapy.downloadermiddlewares.httpcompression.HttpCompressionMiddleware',
 'scrapy.downloadermiddlewares.redirect.RedirectMiddleware',
 'scrapy.downloadermiddlewares.cookies.CookiesMiddleware',
 'scrapy.downloadermiddlewares.httpproxy.HttpProxyMiddleware',
 'scrapy.downloadermiddlewares.stats.DownloaderStats']
2025-07-21 06:50:04 [scrapy.middleware] INFO: Enabled spider middlewares:
['scrapy.spidermiddlewares.start.StartSpiderMiddleware',
 'scrapy.spidermiddlewares.httperror.HttpErrorMiddleware',
 'itemspider.middlewares.ItemspiderSpiderMiddleware',
 'scrapy.spidermiddlewares.referer.RefererMiddleware',
 'scrapy.spidermiddlewares.urllength.UrlLengthMiddleware',
 'scrapy.spidermiddlewares.depth.DepthMiddleware']
2025-07-21 06:50:04 [py.warnings] WARNING: /usr/local/lib/python3.12/site-packages/scrapy/core/spidermw.py:98: ScrapyDeprecationWarning: The following enabled spider middlewares, directly or through their parent classes, define the deprecated process_start_requests() method: itemspider.middlewares.ItemspiderSpiderMiddleware. process_start_requests() has been deprecated in favor of a new method, process_start(), to support asynchronous code execution. process_start_requests() will stop being called in a future version of Scrapy. If you use Scrapy 2.13 or higher only, replace process_start_requests() with process_start(); note that process_start() is a coroutine (async def). If you need to maintain compatibility with lower Scrapy versions, when defining process_start_requests() in a spider middleware class, define process_start() as well. See the release notes of Scrapy 2.13 for details: https://docs.scrapy.org/en/2.13/news.html
  warn(

2025-07-21 06:50:04 [scrapy.core.spidermw] WARNING: Middleware itemspider.middlewares.ItemspiderSpiderMiddleware doesn't support asynchronous spider output, this is deprecated and will stop working in a future version of Scrapy. The middleware should be updated to support it. Please see https://docs.scrapy.org/en/latest/topics/coroutines.html#for-middleware-users for more information.
2025-07-21 06:50:04 [scrapy.middleware] INFO: Enabled item pipelines:
['itemspider.pipelines.ItemspiderPipeline',
 'itemspider.pipelines.SaveToPostgreSQLPipeLine']
2025-07-21 06:50:04 [scrapy.core.engine] INFO: Spider opened
2025-07-21 06:50:04 [py.warnings] WARNING: /usr/local/lib/python3.12/site-packages/scrapy/core/spidermw.py:433: ScrapyDeprecationWarning: itemspider.spiders.steamspider.SteamspiderSpider defines the deprecated start_requests() method. start_requests() has been deprecated in favor of a new method, start(), to support asynchronous code execution. start_requests() will stop being called in a future version of Scrapy. If you use Scrapy 2.13 or higher only, replace start_requests() with start(); note that start() is a coroutine (async def). If you need to maintain compatibility with lower Scrapy versions, when overriding start_requests() in a spider class, override start() as well; you can use super() to reuse the inherited start() implementation without copy-pasting. See the release notes of Scrapy 2.13 for details: https://docs.scrapy.org/en/2.13/news.html
  warn(

2025-07-21 06:50:04 [scrapy.extensions.logstats] INFO: Crawled 0 pages (at 0 pages/min), scraped 0 items (at 0 items/min)
2025-07-21 06:50:04 [steamspider] INFO: Spider opened: steamspider
2025-07-21 06:50:04 [steamspider] INFO: Spider opened: steamspider
2025-07-21 06:50:04 [scrapy.extensions.telnet] INFO: Telnet console listening on 127.0.0.1:6024
2025-07-21 06:50:04 [scrapy.crawler] INFO: Received SIGINT, shutting down gracefully. Send again to force 
2025-07-21 06:50:04 [scrapy.core.engine] INFO: Closing spider (shutdown)
2025-07-21 06:50:06 [scrapy.core.engine] DEBUG: Crawled (200) <GET https://steamcommunity.com/market/search/render/?query=&start=4000&count=100&search_descriptions=0&sort_column=price&sort_dir=desc&appid=730> (referer: None)
2025-07-21 06:50:06 [scrapy.statscollectors] INFO: Dumping Scrapy stats:
{'downloader/request_bytes': 257,
 'downloader/request_count': 1,
 'downloader/request_method_count/GET': 1,
 'downloader/response_bytes': 3477,
 'downloader/response_count': 1,
 'downloader/response_status_count/200': 1,
 'elapsed_time_seconds': 2.222787,
 'finish_reason': 'shutdown',
 'finish_time': datetime.datetime(2025, 7, 21, 6, 50, 6, 461275, tzinfo=datetime.timezone.utc),
 'httpcompression/response_bytes': 25887,
 'httpcompression/response_count': 1,
 'items_per_minute': 0.0,
 'log_count/DEBUG': 4,
 'log_count/INFO': 13,
 'log_count/WARNING': 3,
 'memusage/max': 86396928,
 'memusage/startup': 86396928,
 'request_depth_max': 1,
 'response_received_count': 1,
 'responses_per_minute': 30.0,
 'scheduler/dequeued': 1,
 'scheduler/dequeued/memory': 1,
 'scheduler/enqueued': 21,
 'scheduler/enqueued/memory': 21,
 'start_time': datetime.datetime(2025, 7, 21, 6, 50, 4, 238488, tzinfo=datetime.timezone.utc)}
2025-07-21 06:50:06 [scrapy.core.engine] INFO: Spider closed (shutdown)
