2025-07-21 06:40:57 [scrapy.utils.log] INFO: Scrapy 2.13.2 started (bot: itemspider)
2025-07-21 06:40:57 [scrapy.utils.log] INFO: Versions:
{'lxml': '5.4.0',
 'libxml2': '2.13.8',
 'cssselect': '1.3.0',
 'parsel': '1.10.0',
 'w3lib': '2.0.0',
 'Twisted': '25.5.0',
 'Python': '3.13.5 (main, Jul  1 2025, 02:43:57) [GCC 12.2.0]',
 'pyOpenSSL': '25.1.0 (OpenSSL 3.5.0 8 Apr 2025)',
 'cryptography': '45.0.4',
 'Platform': 'Linux-6.15.3-1-MANJARO-x86_64-with-glibc2.36'}
2025-07-21 06:40:57 [scrapy.addons] INFO: Enabled addons:
[]
2025-07-21 06:40:57 [asyncio] DEBUG: Using selector: EpollSelector
2025-07-21 06:40:57 [scrapy.utils.log] DEBUG: Using reactor: twisted.internet.asyncioreactor.AsyncioSelectorReactor
2025-07-21 06:40:57 [scrapy.utils.log] DEBUG: Using asyncio event loop: asyncio.unix_events._UnixSelectorEventLoop
2025-07-21 06:40:57 [scrapy.extensions.telnet] INFO: Telnet Password: 601e8ce997436b42
2025-07-21 06:40:57 [scrapy.middleware] INFO: Enabled extensions:
['scrapy.extensions.corestats.CoreStats',
 'scrapy.extensions.telnet.TelnetConsole',
 'scrapy.extensions.memusage.MemoryUsage',
 'scrapy.extensions.logstats.LogStats',
 'scrapy.extensions.throttle.AutoThrottle']
2025-07-21 06:40:57 [scrapy.crawler] INFO: Overridden settings:
{'AUTOTHROTTLE_ENABLED': True,
 'AUTOTHROTTLE_START_DELAY': 10,
 'AUTOTHROTTLE_TARGET_CONCURRENCY': 0.5,
 'BOT_NAME': 'itemspider',
 'CONCURRENT_REQUESTS': 1,
 'DOWNLOAD_DELAY': 10,
 'FEED_EXPORT_ENCODING': 'utf-8',
 'HTTPCACHE_IGNORE_HTTP_CODES': [429],
 'LOG_FILE': '/app/logs/itemspider/steamspider/2025-07-21T06_40_52.log',
 'NEWSPIDER_MODULE': 'itemspider.spiders',
 'SPIDER_MODULES': ['itemspider.spiders']}
2025-07-21 06:40:57 [scrapy.middleware] INFO: Enabled downloader middlewares:
['scrapy.downloadermiddlewares.offsite.OffsiteMiddleware',
 'scrapy.downloadermiddlewares.httpauth.HttpAuthMiddleware',
 'scrapy.downloadermiddlewares.downloadtimeout.DownloadTimeoutMiddleware',
 'scrapy.downloadermiddlewares.defaultheaders.DefaultHeadersMiddleware',
 'scrapy.downloadermiddlewares.useragent.UserAgentMiddleware',
 'itemspider.middlewares.ItemspiderDownloaderMiddleware',
 'scrapy.downloadermiddlewares.retry.RetryMiddleware',
 'scrapy.downloadermiddlewares.redirect.MetaRefreshMiddleware',
 'scrapy.downloadermiddlewares.httpcompression.HttpCompressionMiddleware',
 'scrapy.downloadermiddlewares.redirect.RedirectMiddleware',
 'scrapy.downloadermiddlewares.cookies.CookiesMiddleware',
 'scrapy.downloadermiddlewares.httpproxy.HttpProxyMiddleware',
 'scrapy.downloadermiddlewares.stats.DownloaderStats']
2025-07-21 06:40:57 [scrapy.middleware] INFO: Enabled spider middlewares:
['scrapy.spidermiddlewares.start.StartSpiderMiddleware',
 'scrapy.spidermiddlewares.httperror.HttpErrorMiddleware',
 'itemspider.middlewares.ItemspiderSpiderMiddleware',
 'scrapy.spidermiddlewares.referer.RefererMiddleware',
 'scrapy.spidermiddlewares.urllength.UrlLengthMiddleware',
 'scrapy.spidermiddlewares.depth.DepthMiddleware']
2025-07-21 06:40:57 [py.warnings] WARNING: /usr/local/lib/python3.13/site-packages/scrapy/core/spidermw.py:98: ScrapyDeprecationWarning: The following enabled spider middlewares, directly or through their parent classes, define the deprecated process_start_requests() method: itemspider.middlewares.ItemspiderSpiderMiddleware. process_start_requests() has been deprecated in favor of a new method, process_start(), to support asynchronous code execution. process_start_requests() will stop being called in a future version of Scrapy. If you use Scrapy 2.13 or higher only, replace process_start_requests() with process_start(); note that process_start() is a coroutine (async def). If you need to maintain compatibility with lower Scrapy versions, when defining process_start_requests() in a spider middleware class, define process_start() as well. See the release notes of Scrapy 2.13 for details: https://docs.scrapy.org/en/2.13/news.html
  warn(

2025-07-21 06:40:57 [scrapy.core.spidermw] WARNING: Middleware itemspider.middlewares.ItemspiderSpiderMiddleware doesn't support asynchronous spider output, this is deprecated and will stop working in a future version of Scrapy. The middleware should be updated to support it. Please see https://docs.scrapy.org/en/latest/topics/coroutines.html#for-middleware-users for more information.
2025-07-21 06:40:57 [twisted] CRITICAL: Unhandled error in Deferred:
2025-07-21 06:40:57 [twisted] CRITICAL: 
Traceback (most recent call last):
  File "/usr/local/lib/python3.13/site-packages/twisted/internet/defer.py", line 1857, in _inlineCallbacks
    result = context.run(gen.send, result)
  File "/usr/local/lib/python3.13/site-packages/scrapy/crawler.py", line 156, in crawl
    self.engine = self._create_engine()
                  ~~~~~~~~~~~~~~~~~~~^^
  File "/usr/local/lib/python3.13/site-packages/scrapy/crawler.py", line 169, in _create_engine
    return ExecutionEngine(self, lambda _: self.stop())
  File "/usr/local/lib/python3.13/site-packages/scrapy/core/engine.py", line 111, in __init__
    self.scraper: Scraper = Scraper(crawler)
                            ~~~~~~~^^^^^^^^^
  File "/usr/local/lib/python3.13/site-packages/scrapy/core/scraper.py", line 107, in __init__
    self.itemproc: ItemPipelineManager = itemproc_cls.from_crawler(crawler)
                                         ~~~~~~~~~~~~~~~~~~~~~~~~~^^^^^^^^^
  File "/usr/local/lib/python3.13/site-packages/scrapy/middleware.py", line 77, in from_crawler
    return cls._from_settings(crawler.settings, crawler)
           ~~~~~~~~~~~~~~~~~~^^^^^^^^^^^^^^^^^^^^^^^^^^^
  File "/usr/local/lib/python3.13/site-packages/scrapy/middleware.py", line 86, in _from_settings
    mwcls = load_object(clspath)
  File "/usr/local/lib/python3.13/site-packages/scrapy/utils/misc.py", line 71, in load_object
    mod = import_module(module)
  File "/usr/local/lib/python3.13/importlib/__init__.py", line 88, in import_module
    return _bootstrap._gcd_import(name[level:], package, level)
           ~~~~~~~~~~~~~~~~~~~~~~^^^^^^^^^^^^^^^^^^^^^^^^^^^^^^
  File "<frozen importlib._bootstrap>", line 1387, in _gcd_import
  File "<frozen importlib._bootstrap>", line 1360, in _find_and_load
  File "<frozen importlib._bootstrap>", line 1331, in _find_and_load_unlocked
  File "<frozen importlib._bootstrap>", line 935, in _load_unlocked
  File "<frozen importlib._bootstrap_external>", line 1026, in exec_module
  File "<frozen importlib._bootstrap>", line 488, in _call_with_frames_removed
  File "/app/itemspider/pipelines.py", line 6, in <module>
    import psycopg2
  File "/usr/local/lib/python3.13/site-packages/psycopg2/__init__.py", line 51, in <module>
    from psycopg2._psycopg import (                     # noqa
    ...<10 lines>...
    )
ImportError: /usr/local/lib/python3.13/site-packages/psycopg2/_psycopg.cpython-313-x86_64-linux-gnu.so: undefined symbol: _PyInterpreterState_Get
